#-----------------------------------------------------------
# Vivado v2019.1 (64-bit)
# SW Build 2552052 on Fri May 24 14:49:42 MDT 2019
# IP Build 2548770 on Fri May 24 18:01:18 MDT 2019
# Start of session at: Fri Sep 22 06:20:43 2023
# Process ID: 18060
# Current directory: C:/Users/Saarthak/Desktop/Academia/ELD/lab_2
# Command line: vivado.exe -gui_launcher_event rodinguilauncherevent19620 C:\Users\Saarthak\Desktop\Academia\ELD\lab_2\lab_2.xpr
# Log file: C:/Users/Saarthak/Desktop/Academia/ELD/lab_2/vivado.log
# Journal file: C:/Users/Saarthak/Desktop/Academia/ELD/lab_2\vivado.jou
#-----------------------------------------------------------
start_gui
open_project C:/Users/Saarthak/Desktop/Academia/ELD/lab_2/lab_2.xpr
Scanning sources...
Finished scanning sources
INFO: [IP_Flow 19-234] Refreshing IP repositories
INFO: [IP_Flow 19-1704] No user IP repositories specified
INFO: [IP_Flow 19-2313] Loaded Vivado IP repository 'C:/Users/Saarthak/Desktop/Academia/Vivado/2019.1/data/ip'.
open_project: Time (s): cpu = 00:00:21 ; elapsed = 00:00:25 . Memory (MB): peak = 935.852 ; gain = 288.379
update_compile_order -fileset sources_1
open_hw
reset_run impl_1 -prev_step 
launch_runs impl_1 -to_step write_bitstream -jobs 8
[Fri Sep 22 06:23:29 2023] Launched impl_1...
Run output will be captured here: C:/Users/Saarthak/Desktop/Academia/ELD/lab_2/lab_2.runs/impl_1/runme.log
close_hw
exit
INFO: [Common 17-206] Exiting Vivado at Fri Sep 22 06:33:50 2023...
