
*** Running vivado
    with args -log top_adderhardware.vds -m64 -product Vivado -mode batch -messageDb vivado.pb -notrace -source top_adderhardware.tcl


****** Vivado v2019.1 (64-bit)
  **** SW Build 2552052 on Fri May 24 14:49:42 MDT 2019
  **** IP Build 2548770 on Fri May 24 18:01:18 MDT 2019
    ** Copyright 1986-2019 Xilinx, Inc. All Rights Reserved.

source top_adderhardware.tcl -notrace
Command: synth_design -top top_adderhardware -part xc7z020clg484-1
Starting synth_design
Attempting to get a license for feature 'Synthesis' and/or device 'xc7z020'
INFO: [Common 17-349] Got license for feature 'Synthesis' and/or device 'xc7z020'
INFO: [Device 21-403] Loading part xc7z020clg484-1
INFO: Launching helper process for spawning children vivado processes
INFO: Helper process launched with PID 23796 
---------------------------------------------------------------------------------
Starting RTL Elaboration : Time (s): cpu = 00:00:01 ; elapsed = 00:00:02 . Memory (MB): peak = 837.410 ; gain = 178.254
---------------------------------------------------------------------------------
INFO: [Synth 8-6157] synthesizing module 'top_adderhardware' [C:/Users/Saarthak/Desktop/Academia/ELD/lab_2/lab_2.srcs/sources_1/new/top_adderhardware.v:23]
INFO: [Synth 8-6157] synthesizing module 'vio_1' [C:/Users/Saarthak/Desktop/Academia/ELD/lab_2/lab_2.runs/synth_1/.Xil/Vivado-19296-LAPTOP-DKE0FAI2/realtime/vio_1_stub.v:6]
INFO: [Synth 8-6155] done synthesizing module 'vio_1' (1#1) [C:/Users/Saarthak/Desktop/Academia/ELD/lab_2/lab_2.runs/synth_1/.Xil/Vivado-19296-LAPTOP-DKE0FAI2/realtime/vio_1_stub.v:6]
INFO: [Synth 8-6157] synthesizing module 'top_adder' [C:/Users/Saarthak/Desktop/Academia/ELD/Lab1_FA/Lab1_FA.srcs/sources_1/new/top_adder.v:23]
WARNING: [Synth 8-4446] all outputs are unconnected for this instance and logic may be removed [C:/Users/Saarthak/Desktop/Academia/ELD/Lab1_FA/Lab1_FA.srcs/sources_1/new/top_adder.v:31]
INFO: [Synth 8-6157] synthesizing module 'full_adder_1bit' [C:/Users/Saarthak/Desktop/Academia/ELD/Lab1_FA/Lab1_FA.srcs/sources_1/new/full_adder_1bit.v:23]
WARNING: [Synth 8-6104] Input port 'FA1_OutSum' has an internal driver [C:/Users/Saarthak/Desktop/Academia/ELD/Lab1_FA/Lab1_FA.srcs/sources_1/new/full_adder_1bit.v:31]
WARNING: [Synth 8-6104] Input port 'FA1_OutC' has an internal driver [C:/Users/Saarthak/Desktop/Academia/ELD/Lab1_FA/Lab1_FA.srcs/sources_1/new/full_adder_1bit.v:32]
INFO: [Synth 8-6155] done synthesizing module 'full_adder_1bit' (2#1) [C:/Users/Saarthak/Desktop/Academia/ELD/Lab1_FA/Lab1_FA.srcs/sources_1/new/full_adder_1bit.v:23]
WARNING: [Synth 8-4446] all outputs are unconnected for this instance and logic may be removed [C:/Users/Saarthak/Desktop/Academia/ELD/Lab1_FA/Lab1_FA.srcs/sources_1/new/top_adder.v:32]
WARNING: [Synth 8-4446] all outputs are unconnected for this instance and logic may be removed [C:/Users/Saarthak/Desktop/Academia/ELD/Lab1_FA/Lab1_FA.srcs/sources_1/new/top_adder.v:33]
WARNING: [Synth 8-4446] all outputs are unconnected for this instance and logic may be removed [C:/Users/Saarthak/Desktop/Academia/ELD/Lab1_FA/Lab1_FA.srcs/sources_1/new/top_adder.v:34]
WARNING: [Synth 8-3848] Net OutSum in module/entity top_adder does not have driver. [C:/Users/Saarthak/Desktop/Academia/ELD/Lab1_FA/Lab1_FA.srcs/sources_1/new/top_adder.v:27]
WARNING: [Synth 8-3848] Net carry1 in module/entity top_adder does not have driver. [C:/Users/Saarthak/Desktop/Academia/ELD/Lab1_FA/Lab1_FA.srcs/sources_1/new/top_adder.v:29]
WARNING: [Synth 8-3848] Net carry2 in module/entity top_adder does not have driver. [C:/Users/Saarthak/Desktop/Academia/ELD/Lab1_FA/Lab1_FA.srcs/sources_1/new/top_adder.v:29]
WARNING: [Synth 8-3848] Net carry3 in module/entity top_adder does not have driver. [C:/Users/Saarthak/Desktop/Academia/ELD/Lab1_FA/Lab1_FA.srcs/sources_1/new/top_adder.v:29]
INFO: [Synth 8-6155] done synthesizing module 'top_adder' (3#1) [C:/Users/Saarthak/Desktop/Academia/ELD/Lab1_FA/Lab1_FA.srcs/sources_1/new/top_adder.v:23]
INFO: [Synth 8-6071] Mark debug on the nets applies keep_hierarchy on instance 'v1'. This will prevent further optimization [C:/Users/Saarthak/Desktop/Academia/ELD/lab_2/lab_2.srcs/sources_1/new/top_adderhardware.v:29]
INFO: [Synth 8-6071] Mark debug on the nets applies keep_hierarchy on instance 'ta'. This will prevent further optimization [C:/Users/Saarthak/Desktop/Academia/ELD/lab_2/lab_2.srcs/sources_1/new/top_adderhardware.v:37]
INFO: [Synth 8-6155] done synthesizing module 'top_adderhardware' (4#1) [C:/Users/Saarthak/Desktop/Academia/ELD/lab_2/lab_2.srcs/sources_1/new/top_adderhardware.v:23]
---------------------------------------------------------------------------------
Finished RTL Elaboration : Time (s): cpu = 00:00:01 ; elapsed = 00:00:03 . Memory (MB): peak = 900.582 ; gain = 241.426
---------------------------------------------------------------------------------

Report Check Netlist: 
+------+------------------+-------+---------+-------+------------------+
|      |Item              |Errors |Warnings |Status |Description       |
+------+------------------+-------+---------+-------+------------------+
|1     |multi_driven_nets |      0|        0|Passed |Multi driven nets |
+------+------------------+-------+---------+-------+------------------+
---------------------------------------------------------------------------------
Start Handling Custom Attributes
---------------------------------------------------------------------------------
---------------------------------------------------------------------------------
Finished Handling Custom Attributes : Time (s): cpu = 00:00:01 ; elapsed = 00:00:03 . Memory (MB): peak = 900.582 ; gain = 241.426
---------------------------------------------------------------------------------
---------------------------------------------------------------------------------
Finished RTL Optimization Phase 1 : Time (s): cpu = 00:00:01 ; elapsed = 00:00:03 . Memory (MB): peak = 900.582 ; gain = 241.426
---------------------------------------------------------------------------------
INFO: [Project 1-570] Preparing netlist for logic optimization

Processing XDC Constraints
Initializing timing engine
Parsing XDC File [c:/Users/Saarthak/Desktop/Academia/ELD/lab_2/lab_2.srcs/sources_1/ip/vio_1/vio_1/vio_1_in_context.xdc] for cell 'v1'
Finished Parsing XDC File [c:/Users/Saarthak/Desktop/Academia/ELD/lab_2/lab_2.srcs/sources_1/ip/vio_1/vio_1/vio_1_in_context.xdc] for cell 'v1'
Parsing XDC File [C:/Users/Saarthak/Desktop/Academia/ELD/lab_2/lab_2.srcs/constrs_1/new/zedboard_constraintfile.xdc]
WARNING: [Vivado 12-584] No ports matched '[get_ports -of_objects [get_iobanks 33]]'. [C:/Users/Saarthak/Desktop/Academia/ELD/lab_2/lab_2.srcs/constrs_1/new/zedboard_constraintfile.xdc:362]
WARNING: [Vivado 12-584] No ports matched '[get_ports -of_objects [get_iobanks 34]]'. [C:/Users/Saarthak/Desktop/Academia/ELD/lab_2/lab_2.srcs/constrs_1/new/zedboard_constraintfile.xdc:367]
WARNING: [Vivado 12-584] No ports matched '[get_ports -of_objects [get_iobanks 35]]'. [C:/Users/Saarthak/Desktop/Academia/ELD/lab_2/lab_2.srcs/constrs_1/new/zedboard_constraintfile.xdc:372]
WARNING: [Vivado 12-584] No ports matched '[get_ports -of_objects [get_iobanks 13]]'. [C:/Users/Saarthak/Desktop/Academia/ELD/lab_2/lab_2.srcs/constrs_1/new/zedboard_constraintfile.xdc:375]
Finished Parsing XDC File [C:/Users/Saarthak/Desktop/Academia/ELD/lab_2/lab_2.srcs/constrs_1/new/zedboard_constraintfile.xdc]
INFO: [Project 1-236] Implementation specific constraints were found while reading constraint file [C:/Users/Saarthak/Desktop/Academia/ELD/lab_2/lab_2.srcs/constrs_1/new/zedboard_constraintfile.xdc]. These constraints will be ignored for synthesis but will be used in implementation. Impacted constraints are listed in the file [.Xil/top_adderhardware_propImpl.xdc].
Resolution: To avoid this warning, move constraints listed in [.Xil/top_adderhardware_propImpl.xdc] to another XDC file and exclude this new file from synthesis with the used_in_synthesis property (File Properties dialog in GUI) and re-run elaboration/synthesis.
Completed Processing XDC Constraints

Netlist sorting complete. Time (s): cpu = 00:00:00 ; elapsed = 00:00:00 . Memory (MB): peak = 1007.387 ; gain = 0.000
INFO: [Project 1-111] Unisim Transformation Summary:
No Unisim elements were transformed.

Constraint Validation Runtime : Time (s): cpu = 00:00:00 ; elapsed = 00:00:00.004 . Memory (MB): peak = 1007.387 ; gain = 0.000
---------------------------------------------------------------------------------
Finished Constraint Validation : Time (s): cpu = 00:00:03 ; elapsed = 00:00:07 . Memory (MB): peak = 1007.387 ; gain = 348.230
---------------------------------------------------------------------------------
---------------------------------------------------------------------------------
Start Loading Part and Timing Information
---------------------------------------------------------------------------------
Loading part: xc7z020clg484-1
---------------------------------------------------------------------------------
Finished Loading Part and Timing Information : Time (s): cpu = 00:00:03 ; elapsed = 00:00:07 . Memory (MB): peak = 1007.387 ; gain = 348.230
---------------------------------------------------------------------------------
---------------------------------------------------------------------------------
Start Applying 'set_property' XDC Constraints
---------------------------------------------------------------------------------
Applied set_property DONT_TOUCH = true for v1. (constraint file  auto generated constraint, line ).
---------------------------------------------------------------------------------
Finished applying 'set_property' XDC Constraints : Time (s): cpu = 00:00:03 ; elapsed = 00:00:07 . Memory (MB): peak = 1007.387 ; gain = 348.230
---------------------------------------------------------------------------------
---------------------------------------------------------------------------------
Finished RTL Optimization Phase 2 : Time (s): cpu = 00:00:03 ; elapsed = 00:00:08 . Memory (MB): peak = 1007.387 ; gain = 348.230
---------------------------------------------------------------------------------

Report RTL Partitions: 
+-+--------------+------------+----------+
| |RTL Partition |Replication |Instances |
+-+--------------+------------+----------+
+-+--------------+------------+----------+
---------------------------------------------------------------------------------
Start RTL Component Statistics 
---------------------------------------------------------------------------------
Detailed RTL Component Info : 
+---XORs : 
	   2 Input      1 Bit         XORs := 12    
---------------------------------------------------------------------------------
Finished RTL Component Statistics 
---------------------------------------------------------------------------------
---------------------------------------------------------------------------------
Start RTL Hierarchical Component Statistics 
---------------------------------------------------------------------------------
Hierarchical RTL Component report 
Module full_adder_1bit 
Detailed RTL Component Info : 
+---XORs : 
	   2 Input      1 Bit         XORs := 2     
Module top_adder 
Detailed RTL Component Info : 
+---XORs : 
	   2 Input      1 Bit         XORs := 4     
---------------------------------------------------------------------------------
Finished RTL Hierarchical Component Statistics
---------------------------------------------------------------------------------
---------------------------------------------------------------------------------
Start Part Resource Summary
---------------------------------------------------------------------------------
Part Resources:
DSPs: 220 (col length:60)
BRAMs: 280 (col length: RAMB18 60 RAMB36 30)
---------------------------------------------------------------------------------
Finished Part Resource Summary
---------------------------------------------------------------------------------
---------------------------------------------------------------------------------
Start Cross Boundary and Area Optimization
---------------------------------------------------------------------------------
Warning: Parallel synthesis criteria is not met 
---------------------------------------------------------------------------------
Finished Cross Boundary and Area Optimization : Time (s): cpu = 00:00:03 ; elapsed = 00:00:08 . Memory (MB): peak = 1007.387 ; gain = 348.230
---------------------------------------------------------------------------------

Report RTL Partitions: 
+-+--------------+------------+----------+
| |RTL Partition |Replication |Instances |
+-+--------------+------------+----------+
+-+--------------+------------+----------+
---------------------------------------------------------------------------------
Start Applying XDC Timing Constraints
---------------------------------------------------------------------------------
---------------------------------------------------------------------------------
Finished Applying XDC Timing Constraints : Time (s): cpu = 00:00:06 ; elapsed = 00:00:14 . Memory (MB): peak = 1007.387 ; gain = 348.230
---------------------------------------------------------------------------------
---------------------------------------------------------------------------------
Start Timing Optimization
---------------------------------------------------------------------------------
---------------------------------------------------------------------------------
Finished Timing Optimization : Time (s): cpu = 00:00:06 ; elapsed = 00:00:14 . Memory (MB): peak = 1007.387 ; gain = 348.230
---------------------------------------------------------------------------------

Report RTL Partitions: 
+-+--------------+------------+----------+
| |RTL Partition |Replication |Instances |
+-+--------------+------------+----------+
+-+--------------+------------+----------+
---------------------------------------------------------------------------------
Start Technology Mapping
---------------------------------------------------------------------------------
---------------------------------------------------------------------------------
Finished Technology Mapping : Time (s): cpu = 00:00:06 ; elapsed = 00:00:14 . Memory (MB): peak = 1007.387 ; gain = 348.230
---------------------------------------------------------------------------------

Report RTL Partitions: 
+-+--------------+------------+----------+
| |RTL Partition |Replication |Instances |
+-+--------------+------------+----------+
+-+--------------+------------+----------+
---------------------------------------------------------------------------------
Start IO Insertion
---------------------------------------------------------------------------------
---------------------------------------------------------------------------------
Start Flattening Before IO Insertion
---------------------------------------------------------------------------------
---------------------------------------------------------------------------------
Finished Flattening Before IO Insertion
---------------------------------------------------------------------------------
---------------------------------------------------------------------------------
Start Final Netlist Cleanup
---------------------------------------------------------------------------------
---------------------------------------------------------------------------------
Finished Final Netlist Cleanup
---------------------------------------------------------------------------------
---------------------------------------------------------------------------------
Finished IO Insertion : Time (s): cpu = 00:00:06 ; elapsed = 00:00:15 . Memory (MB): peak = 1014.836 ; gain = 355.680
---------------------------------------------------------------------------------

Report Check Netlist: 
+------+------------------+-------+---------+-------+------------------+
|      |Item              |Errors |Warnings |Status |Description       |
+------+------------------+-------+---------+-------+------------------+
|1     |multi_driven_nets |      0|        0|Passed |Multi driven nets |
+------+------------------+-------+---------+-------+------------------+
---------------------------------------------------------------------------------
Start Renaming Generated Instances
---------------------------------------------------------------------------------
---------------------------------------------------------------------------------
Finished Renaming Generated Instances : Time (s): cpu = 00:00:06 ; elapsed = 00:00:15 . Memory (MB): peak = 1014.836 ; gain = 355.680
---------------------------------------------------------------------------------

Report RTL Partitions: 
+-+--------------+------------+----------+
| |RTL Partition |Replication |Instances |
+-+--------------+------------+----------+
+-+--------------+------------+----------+
---------------------------------------------------------------------------------
Start Rebuilding User Hierarchy
---------------------------------------------------------------------------------
---------------------------------------------------------------------------------
Finished Rebuilding User Hierarchy : Time (s): cpu = 00:00:06 ; elapsed = 00:00:15 . Memory (MB): peak = 1014.836 ; gain = 355.680
---------------------------------------------------------------------------------
---------------------------------------------------------------------------------
Start Renaming Generated Ports
---------------------------------------------------------------------------------
---------------------------------------------------------------------------------
Finished Renaming Generated Ports : Time (s): cpu = 00:00:06 ; elapsed = 00:00:15 . Memory (MB): peak = 1014.836 ; gain = 355.680
---------------------------------------------------------------------------------
---------------------------------------------------------------------------------
Start Handling Custom Attributes
---------------------------------------------------------------------------------
---------------------------------------------------------------------------------
Finished Handling Custom Attributes : Time (s): cpu = 00:00:06 ; elapsed = 00:00:15 . Memory (MB): peak = 1014.836 ; gain = 355.680
---------------------------------------------------------------------------------
---------------------------------------------------------------------------------
Start Renaming Generated Nets
---------------------------------------------------------------------------------
---------------------------------------------------------------------------------
Finished Renaming Generated Nets : Time (s): cpu = 00:00:06 ; elapsed = 00:00:15 . Memory (MB): peak = 1014.836 ; gain = 355.680
---------------------------------------------------------------------------------
---------------------------------------------------------------------------------
Start Writing Synthesis Report
---------------------------------------------------------------------------------

Report BlackBoxes: 
+------+--------------+----------+
|      |BlackBox name |Instances |
+------+--------------+----------+
|1     |vio_1         |         1|
+------+--------------+----------+

Report Cell Usage: 
+------+------+------+
|      |Cell  |Count |
+------+------+------+
|1     |vio_1 |     1|
|2     |LUT2  |     1|
|3     |LUT4  |     1|
|4     |LUT5  |     2|
|5     |LUT6  |     2|
|6     |IBUF  |     1|
+------+------+------+

Report Instance Areas: 
+------+---------+----------+------+
|      |Instance |Module    |Cells |
+------+---------+----------+------+
|1     |top      |          |    16|
|2     |  ta     |top_adder |     6|
+------+---------+----------+------+
---------------------------------------------------------------------------------
Finished Writing Synthesis Report : Time (s): cpu = 00:00:06 ; elapsed = 00:00:15 . Memory (MB): peak = 1014.836 ; gain = 355.680
---------------------------------------------------------------------------------
Synthesis finished with 0 errors, 0 critical warnings and 0 warnings.
Synthesis Optimization Runtime : Time (s): cpu = 00:00:04 ; elapsed = 00:00:13 . Memory (MB): peak = 1014.836 ; gain = 248.875
Synthesis Optimization Complete : Time (s): cpu = 00:00:06 ; elapsed = 00:00:15 . Memory (MB): peak = 1014.836 ; gain = 355.680
INFO: [Project 1-571] Translating synthesized netlist
INFO: [Project 1-570] Preparing netlist for logic optimization
INFO: [Opt 31-138] Pushed 0 inverter(s) to 0 load pin(s).
Netlist sorting complete. Time (s): cpu = 00:00:00 ; elapsed = 00:00:00 . Memory (MB): peak = 1034.066 ; gain = 0.000
INFO: [Project 1-111] Unisim Transformation Summary:
No Unisim elements were transformed.

INFO: [Common 17-83] Releasing license: Synthesis
20 Infos, 14 Warnings, 0 Critical Warnings and 0 Errors encountered.
synth_design completed successfully
synth_design: Time (s): cpu = 00:00:08 ; elapsed = 00:00:33 . Memory (MB): peak = 1034.066 ; gain = 641.246
Netlist sorting complete. Time (s): cpu = 00:00:00 ; elapsed = 00:00:00 . Memory (MB): peak = 1034.066 ; gain = 0.000
WARNING: [Constraints 18-5210] No constraints selected for write.
Resolution: This message can indicate that there are no constraints for the design, or it can indicate that the used_in flags are set such that the constraints are ignored. This later case is used when running synth_design to not write synthesis constraints to the resulting checkpoint. Instead, project constraints are read when the synthesized design is opened.
INFO: [Common 17-1381] The checkpoint 'C:/Users/Saarthak/Desktop/Academia/ELD/lab_2/lab_2.runs/synth_1/top_adderhardware.dcp' has been generated.
INFO: [runtcl-4] Executing : report_utilization -file top_adderhardware_utilization_synth.rpt -pb top_adderhardware_utilization_synth.pb
INFO: [Common 17-206] Exiting Vivado at Sun Sep  3 19:31:12 2023...
